<?xml version="1.0" encoding="UTF-8"?>
<!-- Generated by org.testng.reporters.JUnitXMLReporter -->
<testsuite hostname="ATOMAR-MBP.nimblestorage.com" ignored="0" name="RestAssured Test" tests="5" failures="0" timestamp="22 Sep 2017 03:14:38 GMT" time="3.23" errors="0">
  <testcase name="readTweets1" time="1.508" classname="com.restassuredpoc.statuses.UserTimelineTest"/>
  <testcase name="readTweets2" time="0.28" classname="com.restassuredpoc.statuses.UserTimelineTest"/>
  <testcase name="postTweet" time="0.349" classname="com.restassuredpoc.statuses.TwitterWorkflowTest"/>
  <testcase name="readTweet" time="0.231" classname="com.restassuredpoc.statuses.TwitterWorkflowTest"/>
  <testcase name="deleteTweet" time="0.262" classname="com.restassuredpoc.statuses.TwitterWorkflowTest"/>
</testsuite> <!-- RestAssured Test -->
