<?xml version="1.0" encoding="UTF-8"?>
<!-- Generated by org.testng.reporters.JUnitXMLReporter -->
<testsuite hostname="ATOMAR-MBP.nimblestorage.com" ignored="0" name="Application Test" tests="5" failures="0" timestamp="21 Sep 2017 23:32:11 GMT" time="2.167" errors="0">
  <testcase name="readTweets1" time="1.072" classname="com.restassuredpoc.statuses.UserTimelineTest"/>
  <testcase name="readTweets2" time="0.159" classname="com.restassuredpoc.statuses.UserTimelineTest"/>
  <testcase name="postTweet" time="0.238" classname="com.restassuredpoc.statuses.TwitterWorkflowTest"/>
  <testcase name="readTweet" time="0.136" classname="com.restassuredpoc.statuses.TwitterWorkflowTest"/>
  <testcase name="deleteTweet" time="0.144" classname="com.restassuredpoc.statuses.TwitterWorkflowTest"/>
</testsuite> <!-- Application Test -->
