<?xml version="1.0" encoding="UTF-8"?>
<testng-results skipped="0" failed="0" ignored="0" total="5" passed="5">
  <reporter-output>
  </reporter-output>
  <suite name="Regression Suite" duration-ms="3218" started-at="2017-09-22T03:30:43Z" finished-at="2017-09-22T03:30:46Z">
    <groups>
    </groups>
    <test name="RestAssured Test" duration-ms="3218" started-at="2017-09-22T03:30:43Z" finished-at="2017-09-22T03:30:46Z">
      <class name="com.restassuredpoc.statuses.TwitterWorkflowTest">
        <test-method status="PASS" signature="setup()[pri:0, instance:com.restassuredpoc.statuses.TwitterWorkflowTest@c818063]" name="setup" is-config="true" duration-ms="1" started-at="2017-09-21T20:30:46Z" finished-at="2017-09-21T20:30:46Z">
          <reporter-output>
          </reporter-output>
        </test-method> <!-- setup -->
        <test-method status="PASS" signature="postTweet()[pri:0, instance:com.restassuredpoc.statuses.TwitterWorkflowTest@c818063]" name="postTweet" duration-ms="345" started-at="2017-09-21T20:30:46Z" finished-at="2017-09-21T20:30:46Z">
          <reporter-output>
          </reporter-output>
        </test-method> <!-- postTweet -->
        <test-method status="PASS" signature="readTweet()[pri:0, instance:com.restassuredpoc.statuses.TwitterWorkflowTest@c818063]" name="readTweet" duration-ms="294" started-at="2017-09-21T20:30:46Z" depends-on-methods="com.restassuredpoc.statuses.TwitterWorkflowTest.postTweet" finished-at="2017-09-21T20:30:46Z">
          <reporter-output>
          </reporter-output>
        </test-method> <!-- readTweet -->
        <test-method status="PASS" signature="deleteTweet()[pri:0, instance:com.restassuredpoc.statuses.TwitterWorkflowTest@c818063]" name="deleteTweet" duration-ms="199" started-at="2017-09-21T20:30:46Z" depends-on-methods="com.restassuredpoc.statuses.TwitterWorkflowTest.readTweet" finished-at="2017-09-21T20:30:46Z">
          <reporter-output>
          </reporter-output>
        </test-method> <!-- deleteTweet -->
      </class> <!-- com.restassuredpoc.statuses.TwitterWorkflowTest -->
      <class name="com.restassuredpoc.statuses.UserTimelineTest">
        <test-method status="PASS" signature="setup()[pri:0, instance:com.restassuredpoc.statuses.UserTimelineTest@2ff4f00f]" name="setup" is-config="true" duration-ms="471" started-at="2017-09-21T20:30:43Z" finished-at="2017-09-21T20:30:44Z">
          <reporter-output>
          </reporter-output>
        </test-method> <!-- setup -->
        <test-method status="PASS" signature="readTweets1()[pri:0, instance:com.restassuredpoc.statuses.UserTimelineTest@2ff4f00f]" name="readTweets1" duration-ms="1633" started-at="2017-09-21T20:30:44Z" finished-at="2017-09-21T20:30:45Z">
          <reporter-output>
          </reporter-output>
        </test-method> <!-- readTweets1 -->
        <test-method status="PASS" signature="readTweets2()[pri:0, instance:com.restassuredpoc.statuses.UserTimelineTest@2ff4f00f]" name="readTweets2" duration-ms="258" started-at="2017-09-21T20:30:45Z" finished-at="2017-09-21T20:30:46Z">
          <reporter-output>
          </reporter-output>
        </test-method> <!-- readTweets2 -->
      </class> <!-- com.restassuredpoc.statuses.UserTimelineTest -->
    </test> <!-- RestAssured Test -->
  </suite> <!-- Regression Suite -->
</testng-results>
