<?xml version="1.0" encoding="UTF-8"?>
<!-- Generated by org.testng.reporters.JUnitXMLReporter -->
<testsuite hostname="ATOMAR-MBP.nimblestorage.com" ignored="0" name="RestAssured Test" tests="2" failures="0" timestamp="22 Sep 2017 03:30:28 GMT" time="2.315" errors="0">
  <testcase name="readTweets1" time="1.509" classname="com.restassuredpoc.statuses.UserTimelineTest"/>
  <testcase name="readTweets2" time="0.317" classname="com.restassuredpoc.statuses.UserTimelineTest"/>
</testsuite> <!-- RestAssured Test -->
