<?xml version="1.0" encoding="UTF-8"?>
<!-- Generated by org.testng.reporters.JUnitXMLReporter -->
<testsuite hostname="ATOMAR-MBP.nimblestorage.com" ignored="0" name="Default test" tests="3" failures="0" timestamp="21 Sep 2017 04:33:44 GMT" time="3.565" errors="0">
  <testcase name="postTweet" time="2.146" classname="com.restassuredpoc.statuses.TwitterWorkflowTest"/>
  <testcase name="readTweet" time="0.498" classname="com.restassuredpoc.statuses.TwitterWorkflowTest"/>
  <testcase name="deleteTweet" time="0.286" classname="com.restassuredpoc.statuses.TwitterWorkflowTest"/>
</testsuite> <!-- Default test -->
